[2019-04-30 12:41:05] local.ERROR: Swift_TransportException: Connection could not be established with host webmail.cultura.gov.br [Connection timed out #110] in /application/vendor/swiftmailer/swiftmailer/lib/classes/Swift/Transport/StreamBuffer.php:269
Stack trace:
#0 /application/vendor/swiftmailer/swiftmailer/lib/classes/Swift/Transport/StreamBuffer.php(58): Swift_Transport_StreamBuffer->establishSocketConnection()
#1 /application/vendor/swiftmailer/swiftmailer/lib/classes/Swift/Transport/AbstractSmtpTransport.php(143): Swift_Transport_StreamBuffer->initialize(Array)
#2 /application/vendor/swiftmailer/swiftmailer/lib/classes/Swift/Mailer.php(65): Swift_Transport_AbstractSmtpTransport->start()
#3 /application/vendor/illuminate/mail/Mailer.php(483): Swift_Mailer->send(Object(Swift_Message), Array)
#4 /application/vendor/illuminate/mail/Mailer.php(259): Illuminate\Mail\Mailer->sendSwiftMessage(Object(Swift_Message))
#5 /application/vendor/illuminate/mail/Mailable.php(159): Illuminate\Mail\Mailer->send('recuperar-senha...', Array, Object(Closure))
#6 /application/vendor/illuminate/support/Traits/Localizable.php(19): Illuminate\Mail\Mailable->Illuminate\Mail\{closure}()
#7 /application/vendor/illuminate/mail/Mailable.php(160): Illuminate\Mail\Mailable->withLocale(NULL, Object(Closure))
#8 /application/vendor/illuminate/mail/Mailer.php(274): Illuminate\Mail\Mailable->send(Object(Illuminate\Mail\Mailer))
#9 /application/vendor/illuminate/mail/Mailer.php(229): Illuminate\Mail\Mailer->sendMailable(Object(App\Mail\RecuperacaoSenhaEmail))
#10 /application/vendor/illuminate/mail/PendingMail.php(124): Illuminate\Mail\Mailer->send(Object(App\Mail\RecuperacaoSenhaEmail))
#11 /application/app/Services/Email.php(108): Illuminate\Mail\PendingMail->send(Object(App\Mail\RecuperacaoSenhaEmail))
#12 /application/app/Services/Conta.php(131): App\Services\Email->enviarNovaSenha(Array)
#13 /application/app/Http/Controllers/RecuperarSenhaController.php(17): App\Services\Conta->recuperarSenha(Array)
#14 [internal function]: App\Http\Controllers\RecuperarSenhaController->post(Object(Zend\Diactoros\ServerRequest))
#15 /application/vendor/illuminate/container/BoundMethod.php(29): call_user_func_array(Array, Array)
#16 /application/vendor/illuminate/container/BoundMethod.php(87): Illuminate\Container\BoundMethod::Illuminate\Container\{closure}()
#17 /application/vendor/illuminate/container/BoundMethod.php(31): Illuminate\Container\BoundMethod::callBoundMethod(Object(Laravel\Lumen\Application), Array, Object(Closure))
#18 /application/vendor/illuminate/container/Container.php(572): Illuminate\Container\BoundMethod::call(Object(Laravel\Lumen\Application), Array, Array, NULL)
#19 /application/vendor/laravel/lumen-framework/src/Concerns/RoutesRequests.php(378): Illuminate\Container\Container->call(Array, Array)
#20 /application/vendor/laravel/lumen-framework/src/Concerns/RoutesRequests.php(321): Laravel\Lumen\Application->callControllerCallable(Array, Array)
#21 /application/vendor/laravel/lumen-framework/src/Concerns/RoutesRequests.php(280): Laravel\Lumen\Application->callControllerAction(Array)
#22 /application/vendor/laravel/lumen-framework/src/Concerns/RoutesRequests.php(265): Laravel\Lumen\Application->callActionOnArrayBasedRoute(Array)
#23 /application/vendor/laravel/lumen-framework/src/Concerns/RoutesRequests.php(165): Laravel\Lumen\Application->handleFoundRoute(Array)
#24 [internal function]: Laravel\Lumen\Application->Laravel\Lumen\Concerns\{closure}(Object(Laravel\Lumen\Http\Request))
#25 /application/vendor/laravel/lumen-framework/src/Routing/Pipeline.php(52): call_user_func(Object(Closure), Object(Laravel\Lumen\Http\Request))
#26 /application/app/Http/Middleware/CorsMiddleware.php(31): Laravel\Lumen\Routing\Pipeline->Laravel\Lumen\Routing\{closure}(Object(Laravel\Lumen\Http\Request))
#27 /application/vendor/illuminate/pipeline/Pipeline.php(163): App\Http\Middleware\CorsMiddleware->handle(Object(Laravel\Lumen\Http\Request), Object(Closure))
#28 [internal function]: Illuminate\Pipeline\Pipeline->Illuminate\Pipeline\{closure}(Object(Laravel\Lumen\Http\Request))
#29 /application/vendor/laravel/lumen-framework/src/Routing/Pipeline.php(32): call_user_func(Object(Closure), Object(Laravel\Lumen\Http\Request))
#30 /application/app/Http/Middleware/JsonResponseStyle.php(13): Laravel\Lumen\Routing\Pipeline->Laravel\Lumen\Routing\{closure}(Object(Laravel\Lumen\Http\Request))
#31 /application/vendor/illuminate/pipeline/Pipeline.php(163): App\Http\Middleware\JsonResponseStyle->handle(Object(Laravel\Lumen\Http\Request), Object(Closure))
#32 [internal function]: Illuminate\Pipeline\Pipeline->Illuminate\Pipeline\{closure}(Object(Laravel\Lumen\Http\Request))
#33 /application/vendor/laravel/lumen-framework/src/Routing/Pipeline.php(32): call_user_func(Object(Closure), Object(Laravel\Lumen\Http\Request))
#34 /application/vendor/illuminate/pipeline/Pipeline.php(104): Laravel\Lumen\Routing\Pipeline->Laravel\Lumen\Routing\{closure}(Object(Laravel\Lumen\Http\Request))
#35 /application/vendor/laravel/lumen-framework/src/Concerns/RoutesRequests.php(415): Illuminate\Pipeline\Pipeline->then(Object(Closure))
#36 /application/vendor/laravel/lumen-framework/src/Concerns/RoutesRequests.php(171): Laravel\Lumen\Application->sendThroughPipeline(Array, Object(Closure))
#37 /application/vendor/laravel/lumen-framework/src/Concerns/RoutesRequests.php(108): Laravel\Lumen\Application->dispatch(NULL)
#38 /application/public/index.php(28): Laravel\Lumen\Application->run()
#39 {main} {"exception":"[object] (Swift_TransportException(code: 0): Connection could not be established with host webmail.cultura.gov.br [Connection timed out #110] at /application/vendor/swiftmailer/swiftmailer/lib/classes/Swift/Transport/StreamBuffer.php:269)
[stacktrace]
#0 /application/vendor/swiftmailer/swiftmailer/lib/classes/Swift/Transport/StreamBuffer.php(58): Swift_Transport_StreamBuffer->establishSocketConnection()
#1 /application/vendor/swiftmailer/swiftmailer/lib/classes/Swift/Transport/AbstractSmtpTransport.php(143): Swift_Transport_StreamBuffer->initialize(Array)
#2 /application/vendor/swiftmailer/swiftmailer/lib/classes/Swift/Mailer.php(65): Swift_Transport_AbstractSmtpTransport->start()
#3 /application/vendor/illuminate/mail/Mailer.php(483): Swift_Mailer->send(Object(Swift_Message), Array)
#4 /application/vendor/illuminate/mail/Mailer.php(259): Illuminate\\Mail\\Mailer->sendSwiftMessage(Object(Swift_Message))
#5 /application/vendor/illuminate/mail/Mailable.php(159): Illuminate\\Mail\\Mailer->send('recuperar-senha...', Array, Object(Closure))
#6 /application/vendor/illuminate/support/Traits/Localizable.php(19): Illuminate\\Mail\\Mailable->Illuminate\\Mail\\{closure}()
#7 /application/vendor/illuminate/mail/Mailable.php(160): Illuminate\\Mail\\Mailable->withLocale(NULL, Object(Closure))
#8 /application/vendor/illuminate/mail/Mailer.php(274): Illuminate\\Mail\\Mailable->send(Object(Illuminate\\Mail\\Mailer))
#9 /application/vendor/illuminate/mail/Mailer.php(229): Illuminate\\Mail\\Mailer->sendMailable(Object(App\\Mail\\RecuperacaoSenhaEmail))
#10 /application/vendor/illuminate/mail/PendingMail.php(124): Illuminate\\Mail\\Mailer->send(Object(App\\Mail\\RecuperacaoSenhaEmail))
#11 /application/app/Services/Email.php(108): Illuminate\\Mail\\PendingMail->send(Object(App\\Mail\\RecuperacaoSenhaEmail))
#12 /application/app/Services/Conta.php(131): App\\Services\\Email->enviarNovaSenha(Array)
#13 /application/app/Http/Controllers/RecuperarSenhaController.php(17): App\\Services\\Conta->recuperarSenha(Array)
#14 [internal function]: App\\Http\\Controllers\\RecuperarSenhaController->post(Object(Zend\\Diactoros\\ServerRequest))
#15 /application/vendor/illuminate/container/BoundMethod.php(29): call_user_func_array(Array, Array)
#16 /application/vendor/illuminate/container/BoundMethod.php(87): Illuminate\\Container\\BoundMethod::Illuminate\\Container\\{closure}()
#17 /application/vendor/illuminate/container/BoundMethod.php(31): Illuminate\\Container\\BoundMethod::callBoundMethod(Object(Laravel\\Lumen\\Application), Array, Object(Closure))
#18 /application/vendor/illuminate/container/Container.php(572): Illuminate\\Container\\BoundMethod::call(Object(Laravel\\Lumen\\Application), Array, Array, NULL)
#19 /application/vendor/laravel/lumen-framework/src/Concerns/RoutesRequests.php(378): Illuminate\\Container\\Container->call(Array, Array)
#20 /application/vendor/laravel/lumen-framework/src/Concerns/RoutesRequests.php(321): Laravel\\Lumen\\Application->callControllerCallable(Array, Array)
#21 /application/vendor/laravel/lumen-framework/src/Concerns/RoutesRequests.php(280): Laravel\\Lumen\\Application->callControllerAction(Array)
#22 /application/vendor/laravel/lumen-framework/src/Concerns/RoutesRequests.php(265): Laravel\\Lumen\\Application->callActionOnArrayBasedRoute(Array)
#23 /application/vendor/laravel/lumen-framework/src/Concerns/RoutesRequests.php(165): Laravel\\Lumen\\Application->handleFoundRoute(Array)
#24 [internal function]: Laravel\\Lumen\\Application->Laravel\\Lumen\\Concerns\\{closure}(Object(Laravel\\Lumen\\Http\\Request))
#25 /application/vendor/laravel/lumen-framework/src/Routing/Pipeline.php(52): call_user_func(Object(Closure), Object(Laravel\\Lumen\\Http\\Request))
#26 /application/app/Http/Middleware/CorsMiddleware.php(31): Laravel\\Lumen\\Routing\\Pipeline->Laravel\\Lumen\\Routing\\{closure}(Object(Laravel\\Lumen\\Http\\Request))
#27 /application/vendor/illuminate/pipeline/Pipeline.php(163): App\\Http\\Middleware\\CorsMiddleware->handle(Object(Laravel\\Lumen\\Http\\Request), Object(Closure))
#28 [internal function]: Illuminate\\Pipeline\\Pipeline->Illuminate\\Pipeline\\{closure}(Object(Laravel\\Lumen\\Http\\Request))
#29 /application/vendor/laravel/lumen-framework/src/Routing/Pipeline.php(32): call_user_func(Object(Closure), Object(Laravel\\Lumen\\Http\\Request))
#30 /application/app/Http/Middleware/JsonResponseStyle.php(13): Laravel\\Lumen\\Routing\\Pipeline->Laravel\\Lumen\\Routing\\{closure}(Object(Laravel\\Lumen\\Http\\Request))
#31 /application/vendor/illuminate/pipeline/Pipeline.php(163): App\\Http\\Middleware\\JsonResponseStyle->handle(Object(Laravel\\Lumen\\Http\\Request), Object(Closure))
#32 [internal function]: Illuminate\\Pipeline\\Pipeline->Illuminate\\Pipeline\\{closure}(Object(Laravel\\Lumen\\Http\\Request))
#33 /application/vendor/laravel/lumen-framework/src/Routing/Pipeline.php(32): call_user_func(Object(Closure), Object(Laravel\\Lumen\\Http\\Request))
#34 /application/vendor/illuminate/pipeline/Pipeline.php(104): Laravel\\Lumen\\Routing\\Pipeline->Laravel\\Lumen\\Routing\\{closure}(Object(Laravel\\Lumen\\Http\\Request))
#35 /application/vendor/laravel/lumen-framework/src/Concerns/RoutesRequests.php(415): Illuminate\\Pipeline\\Pipeline->then(Object(Closure))
#36 /application/vendor/laravel/lumen-framework/src/Concerns/RoutesRequests.php(171): Laravel\\Lumen\\Application->sendThroughPipeline(Array, Object(Closure))
#37 /application/vendor/laravel/lumen-framework/src/Concerns/RoutesRequests.php(108): Laravel\\Lumen\\Application->dispatch(NULL)
#38 /application/public/index.php(28): Laravel\\Lumen\\Application->run()
#39 {main}
"} 
