[2019-05-06 16:51:36] local.ERROR: InvalidArgumentException: View [Testando Texto SImples pra email] not found. in /application/vendor/illuminate/view/FileViewFinder.php:137
Stack trace:
#0 /application/vendor/illuminate/view/FileViewFinder.php(79): Illuminate\View\FileViewFinder->findInPaths('Testando Texto ...', Array)
#1 /application/vendor/illuminate/view/Factory.php(130): Illuminate\View\FileViewFinder->find('Testando Texto ...')
#2 /application/vendor/illuminate/mail/Mailer.php(352): Illuminate\View\Factory->make('Testando Texto ...', Array)
#3 /application/vendor/illuminate/mail/Mailer.php(331): Illuminate\Mail\Mailer->renderView('Testando Texto ...', Array)
#4 /application/vendor/illuminate/mail/Mailer.php(244): Illuminate\Mail\Mailer->addContent(Object(Illuminate\Mail\Message), NULL, 'Testando Texto ...', NULL, Array)
#5 /application/vendor/illuminate/mail/Mailable.php(159): Illuminate\Mail\Mailer->send(NULL, Array, Object(Closure))
#6 /application/vendor/illuminate/support/Traits/Localizable.php(19): Illuminate\Mail\Mailable->Illuminate\Mail\{closure}()
#7 /application/vendor/illuminate/mail/Mailable.php(160): Illuminate\Mail\Mailable->withLocale(NULL, Object(Closure))
#8 /application/vendor/illuminate/mail/Mailer.php(274): Illuminate\Mail\Mailable->send(Object(Illuminate\Mail\Mailer))
#9 /application/vendor/illuminate/mail/Mailer.php(229): Illuminate\Mail\Mailer->sendMailable(Object(App\Mail\Email))
#10 /application/vendor/illuminate/mail/PendingMail.php(124): Illuminate\Mail\Mailer->send(Object(App\Mail\Email))
#11 /application/app/Services/Email.php(113): Illuminate\Mail\PendingMail->send(Object(App\Mail\Email))
#12 /application/app/Http/Controllers/EmailController.php(17): App\Services\Email->enviarEmail(Array)
#13 [internal function]: App\Http\Controllers\EmailController->enviarEmail()
#14 /application/vendor/illuminate/container/BoundMethod.php(29): call_user_func_array(Array, Array)
#15 /application/vendor/illuminate/container/BoundMethod.php(87): Illuminate\Container\BoundMethod::Illuminate\Container\{closure}()
#16 /application/vendor/illuminate/container/BoundMethod.php(31): Illuminate\Container\BoundMethod::callBoundMethod(Object(Laravel\Lumen\Application), Array, Object(Closure))
#17 /application/vendor/illuminate/container/Container.php(572): Illuminate\Container\BoundMethod::call(Object(Laravel\Lumen\Application), Array, Array, NULL)
#18 /application/vendor/laravel/lumen-framework/src/Concerns/RoutesRequests.php(378): Illuminate\Container\Container->call(Array, Array)
#19 /application/vendor/laravel/lumen-framework/src/Concerns/RoutesRequests.php(321): Laravel\Lumen\Application->callControllerCallable(Array, Array)
#20 /application/vendor/laravel/lumen-framework/src/Concerns/RoutesRequests.php(280): Laravel\Lumen\Application->callControllerAction(Array)
#21 /application/vendor/laravel/lumen-framework/src/Concerns/RoutesRequests.php(265): Laravel\Lumen\Application->callActionOnArrayBasedRoute(Array)
#22 /application/vendor/laravel/lumen-framework/src/Concerns/RoutesRequests.php(165): Laravel\Lumen\Application->handleFoundRoute(Array)
#23 [internal function]: Laravel\Lumen\Application->Laravel\Lumen\Concerns\{closure}(Object(Laravel\Lumen\Http\Request))
#24 /application/vendor/laravel/lumen-framework/src/Routing/Pipeline.php(52): call_user_func(Object(Closure), Object(Laravel\Lumen\Http\Request))
#25 /application/app/Http/Middleware/CorsMiddleware.php(31): Laravel\Lumen\Routing\Pipeline->Laravel\Lumen\Routing\{closure}(Object(Laravel\Lumen\Http\Request))
#26 /application/vendor/illuminate/pipeline/Pipeline.php(163): App\Http\Middleware\CorsMiddleware->handle(Object(Laravel\Lumen\Http\Request), Object(Closure))
#27 [internal function]: Illuminate\Pipeline\Pipeline->Illuminate\Pipeline\{closure}(Object(Laravel\Lumen\Http\Request))
#28 /application/vendor/laravel/lumen-framework/src/Routing/Pipeline.php(32): call_user_func(Object(Closure), Object(Laravel\Lumen\Http\Request))
#29 /application/app/Http/Middleware/JsonResponseStyle.php(13): Laravel\Lumen\Routing\Pipeline->Laravel\Lumen\Routing\{closure}(Object(Laravel\Lumen\Http\Request))
#30 /application/vendor/illuminate/pipeline/Pipeline.php(163): App\Http\Middleware\JsonResponseStyle->handle(Object(Laravel\Lumen\Http\Request), Object(Closure))
#31 [internal function]: Illuminate\Pipeline\Pipeline->Illuminate\Pipeline\{closure}(Object(Laravel\Lumen\Http\Request))
#32 /application/vendor/laravel/lumen-framework/src/Routing/Pipeline.php(32): call_user_func(Object(Closure), Object(Laravel\Lumen\Http\Request))
#33 /application/vendor/illuminate/pipeline/Pipeline.php(104): Laravel\Lumen\Routing\Pipeline->Laravel\Lumen\Routing\{closure}(Object(Laravel\Lumen\Http\Request))
#34 /application/vendor/laravel/lumen-framework/src/Concerns/RoutesRequests.php(415): Illuminate\Pipeline\Pipeline->then(Object(Closure))
#35 /application/vendor/laravel/lumen-framework/src/Concerns/RoutesRequests.php(171): Laravel\Lumen\Application->sendThroughPipeline(Array, Object(Closure))
#36 /application/vendor/laravel/lumen-framework/src/Concerns/RoutesRequests.php(108): Laravel\Lumen\Application->dispatch(NULL)
#37 /application/public/index.php(28): Laravel\Lumen\Application->run()
#38 {main} {"exception":"[object] (InvalidArgumentException(code: 0): View [Testando Texto SImples pra email] not found. at /application/vendor/illuminate/view/FileViewFinder.php:137)
[stacktrace]
#0 /application/vendor/illuminate/view/FileViewFinder.php(79): Illuminate\\View\\FileViewFinder->findInPaths('Testando Texto ...', Array)
#1 /application/vendor/illuminate/view/Factory.php(130): Illuminate\\View\\FileViewFinder->find('Testando Texto ...')
#2 /application/vendor/illuminate/mail/Mailer.php(352): Illuminate\\View\\Factory->make('Testando Texto ...', Array)
#3 /application/vendor/illuminate/mail/Mailer.php(331): Illuminate\\Mail\\Mailer->renderView('Testando Texto ...', Array)
#4 /application/vendor/illuminate/mail/Mailer.php(244): Illuminate\\Mail\\Mailer->addContent(Object(Illuminate\\Mail\\Message), NULL, 'Testando Texto ...', NULL, Array)
#5 /application/vendor/illuminate/mail/Mailable.php(159): Illuminate\\Mail\\Mailer->send(NULL, Array, Object(Closure))
#6 /application/vendor/illuminate/support/Traits/Localizable.php(19): Illuminate\\Mail\\Mailable->Illuminate\\Mail\\{closure}()
#7 /application/vendor/illuminate/mail/Mailable.php(160): Illuminate\\Mail\\Mailable->withLocale(NULL, Object(Closure))
#8 /application/vendor/illuminate/mail/Mailer.php(274): Illuminate\\Mail\\Mailable->send(Object(Illuminate\\Mail\\Mailer))
#9 /application/vendor/illuminate/mail/Mailer.php(229): Illuminate\\Mail\\Mailer->sendMailable(Object(App\\Mail\\Email))
#10 /application/vendor/illuminate/mail/PendingMail.php(124): Illuminate\\Mail\\Mailer->send(Object(App\\Mail\\Email))
#11 /application/app/Services/Email.php(113): Illuminate\\Mail\\PendingMail->send(Object(App\\Mail\\Email))
#12 /application/app/Http/Controllers/EmailController.php(17): App\\Services\\Email->enviarEmail(Array)
#13 [internal function]: App\\Http\\Controllers\\EmailController->enviarEmail()
#14 /application/vendor/illuminate/container/BoundMethod.php(29): call_user_func_array(Array, Array)
#15 /application/vendor/illuminate/container/BoundMethod.php(87): Illuminate\\Container\\BoundMethod::Illuminate\\Container\\{closure}()
#16 /application/vendor/illuminate/container/BoundMethod.php(31): Illuminate\\Container\\BoundMethod::callBoundMethod(Object(Laravel\\Lumen\\Application), Array, Object(Closure))
#17 /application/vendor/illuminate/container/Container.php(572): Illuminate\\Container\\BoundMethod::call(Object(Laravel\\Lumen\\Application), Array, Array, NULL)
#18 /application/vendor/laravel/lumen-framework/src/Concerns/RoutesRequests.php(378): Illuminate\\Container\\Container->call(Array, Array)
#19 /application/vendor/laravel/lumen-framework/src/Concerns/RoutesRequests.php(321): Laravel\\Lumen\\Application->callControllerCallable(Array, Array)
#20 /application/vendor/laravel/lumen-framework/src/Concerns/RoutesRequests.php(280): Laravel\\Lumen\\Application->callControllerAction(Array)
#21 /application/vendor/laravel/lumen-framework/src/Concerns/RoutesRequests.php(265): Laravel\\Lumen\\Application->callActionOnArrayBasedRoute(Array)
#22 /application/vendor/laravel/lumen-framework/src/Concerns/RoutesRequests.php(165): Laravel\\Lumen\\Application->handleFoundRoute(Array)
#23 [internal function]: Laravel\\Lumen\\Application->Laravel\\Lumen\\Concerns\\{closure}(Object(Laravel\\Lumen\\Http\\Request))
#24 /application/vendor/laravel/lumen-framework/src/Routing/Pipeline.php(52): call_user_func(Object(Closure), Object(Laravel\\Lumen\\Http\\Request))
#25 /application/app/Http/Middleware/CorsMiddleware.php(31): Laravel\\Lumen\\Routing\\Pipeline->Laravel\\Lumen\\Routing\\{closure}(Object(Laravel\\Lumen\\Http\\Request))
#26 /application/vendor/illuminate/pipeline/Pipeline.php(163): App\\Http\\Middleware\\CorsMiddleware->handle(Object(Laravel\\Lumen\\Http\\Request), Object(Closure))
#27 [internal function]: Illuminate\\Pipeline\\Pipeline->Illuminate\\Pipeline\\{closure}(Object(Laravel\\Lumen\\Http\\Request))
#28 /application/vendor/laravel/lumen-framework/src/Routing/Pipeline.php(32): call_user_func(Object(Closure), Object(Laravel\\Lumen\\Http\\Request))
#29 /application/app/Http/Middleware/JsonResponseStyle.php(13): Laravel\\Lumen\\Routing\\Pipeline->Laravel\\Lumen\\Routing\\{closure}(Object(Laravel\\Lumen\\Http\\Request))
#30 /application/vendor/illuminate/pipeline/Pipeline.php(163): App\\Http\\Middleware\\JsonResponseStyle->handle(Object(Laravel\\Lumen\\Http\\Request), Object(Closure))
#31 [internal function]: Illuminate\\Pipeline\\Pipeline->Illuminate\\Pipeline\\{closure}(Object(Laravel\\Lumen\\Http\\Request))
#32 /application/vendor/laravel/lumen-framework/src/Routing/Pipeline.php(32): call_user_func(Object(Closure), Object(Laravel\\Lumen\\Http\\Request))
#33 /application/vendor/illuminate/pipeline/Pipeline.php(104): Laravel\\Lumen\\Routing\\Pipeline->Laravel\\Lumen\\Routing\\{closure}(Object(Laravel\\Lumen\\Http\\Request))
#34 /application/vendor/laravel/lumen-framework/src/Concerns/RoutesRequests.php(415): Illuminate\\Pipeline\\Pipeline->then(Object(Closure))
#35 /application/vendor/laravel/lumen-framework/src/Concerns/RoutesRequests.php(171): Laravel\\Lumen\\Application->sendThroughPipeline(Array, Object(Closure))
#36 /application/vendor/laravel/lumen-framework/src/Concerns/RoutesRequests.php(108): Laravel\\Lumen\\Application->dispatch(NULL)
#37 /application/public/index.php(28): Laravel\\Lumen\\Application->run()
#38 {main}
"} 
