[2019-04-04 16:20:48] local.ERROR: Exception: The sistemas field is required. in /application/app/Services/Conta.php:43
Stack trace:
#0 /application/app/Http/Controllers/ContaController.php(32): App\Services\Conta->criar(Array)
#1 [internal function]: App\Http\Controllers\ContaController->post(Object(Zend\Diactoros\ServerRequest))
#2 /application/vendor/illuminate/container/BoundMethod.php(29): call_user_func_array(Array, Array)
#3 /application/vendor/illuminate/container/BoundMethod.php(87): Illuminate\Container\BoundMethod::Illuminate\Container\{closure}()
#4 /application/vendor/illuminate/container/BoundMethod.php(31): Illuminate\Container\BoundMethod::callBoundMethod(Object(Laravel\Lumen\Application), Array, Object(Closure))
#5 /application/vendor/illuminate/container/Container.php(564): Illuminate\Container\BoundMethod::call(Object(Laravel\Lumen\Application), Array, Array, NULL)
#6 /application/vendor/laravel/lumen-framework/src/Concerns/RoutesRequests.php(373): Illuminate\Container\Container->call(Array, Array)
#7 /application/vendor/laravel/lumen-framework/src/Concerns/RoutesRequests.php(339): Laravel\Lumen\Application->callControllerCallable(Array, Array)
#8 /application/vendor/laravel/lumen-framework/src/Concerns/RoutesRequests.php(313): Laravel\Lumen\Application->callLumenController(Object(App\Http\Controllers\ContaController), 'post', Array)
#9 /application/vendor/laravel/lumen-framework/src/Concerns/RoutesRequests.php(275): Laravel\Lumen\Application->callControllerAction(Array)
#10 /application/vendor/laravel/lumen-framework/src/Concerns/RoutesRequests.php(260): Laravel\Lumen\Application->callActionOnArrayBasedRoute(Array)
#11 /application/vendor/laravel/lumen-framework/src/Concerns/RoutesRequests.php(160): Laravel\Lumen\Application->handleFoundRoute(Array)
#12 [internal function]: Laravel\Lumen\Application->Laravel\Lumen\Concerns\{closure}(Object(Illuminate\Http\Request))
#13 /application/vendor/laravel/lumen-framework/src/Routing/Pipeline.php(52): call_user_func(Object(Closure), Object(Illuminate\Http\Request))
#14 /application/app/Http/Middleware/CorsMiddleware.php(31): Laravel\Lumen\Routing\Pipeline->Laravel\Lumen\Routing\{closure}(Object(Illuminate\Http\Request))
#15 /application/vendor/illuminate/pipeline/Pipeline.php(151): App\Http\Middleware\CorsMiddleware->handle(Object(Illuminate\Http\Request), Object(Closure))
#16 [internal function]: Illuminate\Pipeline\Pipeline->Illuminate\Pipeline\{closure}(Object(Illuminate\Http\Request))
#17 /application/vendor/laravel/lumen-framework/src/Routing/Pipeline.php(32): call_user_func(Object(Closure), Object(Illuminate\Http\Request))
#18 /application/app/Http/Middleware/JsonResponseStyle.php(13): Laravel\Lumen\Routing\Pipeline->Laravel\Lumen\Routing\{closure}(Object(Illuminate\Http\Request))
#19 /application/vendor/illuminate/pipeline/Pipeline.php(151): App\Http\Middleware\JsonResponseStyle->handle(Object(Illuminate\Http\Request), Object(Closure))
#20 [internal function]: Illuminate\Pipeline\Pipeline->Illuminate\Pipeline\{closure}(Object(Illuminate\Http\Request))
#21 /application/vendor/laravel/lumen-framework/src/Routing/Pipeline.php(32): call_user_func(Object(Closure), Object(Illuminate\Http\Request))
#22 /application/vendor/illuminate/pipeline/Pipeline.php(104): Laravel\Lumen\Routing\Pipeline->Laravel\Lumen\Routing\{closure}(Object(Illuminate\Http\Request))
#23 /application/vendor/laravel/lumen-framework/src/Concerns/RoutesRequests.php(410): Illuminate\Pipeline\Pipeline->then(Object(Closure))
#24 /application/vendor/laravel/lumen-framework/src/Concerns/RoutesRequests.php(166): Laravel\Lumen\Application->sendThroughPipeline(Array, Object(Closure))
#25 /application/vendor/laravel/lumen-framework/src/Concerns/RoutesRequests.php(107): Laravel\Lumen\Application->dispatch(NULL)
#26 /application/public/index.php(28): Laravel\Lumen\Application->run()
#27 {main} {"exception":"[object] (Exception(code: 0): The sistemas field is required. at /application/app/Services/Conta.php:43)
[stacktrace]
#0 /application/app/Http/Controllers/ContaController.php(32): App\\Services\\Conta->criar(Array)
#1 [internal function]: App\\Http\\Controllers\\ContaController->post(Object(Zend\\Diactoros\\ServerRequest))
#2 /application/vendor/illuminate/container/BoundMethod.php(29): call_user_func_array(Array, Array)
#3 /application/vendor/illuminate/container/BoundMethod.php(87): Illuminate\\Container\\BoundMethod::Illuminate\\Container\\{closure}()
#4 /application/vendor/illuminate/container/BoundMethod.php(31): Illuminate\\Container\\BoundMethod::callBoundMethod(Object(Laravel\\Lumen\\Application), Array, Object(Closure))
#5 /application/vendor/illuminate/container/Container.php(564): Illuminate\\Container\\BoundMethod::call(Object(Laravel\\Lumen\\Application), Array, Array, NULL)
#6 /application/vendor/laravel/lumen-framework/src/Concerns/RoutesRequests.php(373): Illuminate\\Container\\Container->call(Array, Array)
#7 /application/vendor/laravel/lumen-framework/src/Concerns/RoutesRequests.php(339): Laravel\\Lumen\\Application->callControllerCallable(Array, Array)
#8 /application/vendor/laravel/lumen-framework/src/Concerns/RoutesRequests.php(313): Laravel\\Lumen\\Application->callLumenController(Object(App\\Http\\Controllers\\ContaController), 'post', Array)
#9 /application/vendor/laravel/lumen-framework/src/Concerns/RoutesRequests.php(275): Laravel\\Lumen\\Application->callControllerAction(Array)
#10 /application/vendor/laravel/lumen-framework/src/Concerns/RoutesRequests.php(260): Laravel\\Lumen\\Application->callActionOnArrayBasedRoute(Array)
#11 /application/vendor/laravel/lumen-framework/src/Concerns/RoutesRequests.php(160): Laravel\\Lumen\\Application->handleFoundRoute(Array)
#12 [internal function]: Laravel\\Lumen\\Application->Laravel\\Lumen\\Concerns\\{closure}(Object(Illuminate\\Http\\Request))
#13 /application/vendor/laravel/lumen-framework/src/Routing/Pipeline.php(52): call_user_func(Object(Closure), Object(Illuminate\\Http\\Request))
#14 /application/app/Http/Middleware/CorsMiddleware.php(31): Laravel\\Lumen\\Routing\\Pipeline->Laravel\\Lumen\\Routing\\{closure}(Object(Illuminate\\Http\\Request))
#15 /application/vendor/illuminate/pipeline/Pipeline.php(151): App\\Http\\Middleware\\CorsMiddleware->handle(Object(Illuminate\\Http\\Request), Object(Closure))
#16 [internal function]: Illuminate\\Pipeline\\Pipeline->Illuminate\\Pipeline\\{closure}(Object(Illuminate\\Http\\Request))
#17 /application/vendor/laravel/lumen-framework/src/Routing/Pipeline.php(32): call_user_func(Object(Closure), Object(Illuminate\\Http\\Request))
#18 /application/app/Http/Middleware/JsonResponseStyle.php(13): Laravel\\Lumen\\Routing\\Pipeline->Laravel\\Lumen\\Routing\\{closure}(Object(Illuminate\\Http\\Request))
#19 /application/vendor/illuminate/pipeline/Pipeline.php(151): App\\Http\\Middleware\\JsonResponseStyle->handle(Object(Illuminate\\Http\\Request), Object(Closure))
#20 [internal function]: Illuminate\\Pipeline\\Pipeline->Illuminate\\Pipeline\\{closure}(Object(Illuminate\\Http\\Request))
#21 /application/vendor/laravel/lumen-framework/src/Routing/Pipeline.php(32): call_user_func(Object(Closure), Object(Illuminate\\Http\\Request))
#22 /application/vendor/illuminate/pipeline/Pipeline.php(104): Laravel\\Lumen\\Routing\\Pipeline->Laravel\\Lumen\\Routing\\{closure}(Object(Illuminate\\Http\\Request))
#23 /application/vendor/laravel/lumen-framework/src/Concerns/RoutesRequests.php(410): Illuminate\\Pipeline\\Pipeline->then(Object(Closure))
#24 /application/vendor/laravel/lumen-framework/src/Concerns/RoutesRequests.php(166): Laravel\\Lumen\\Application->sendThroughPipeline(Array, Object(Closure))
#25 /application/vendor/laravel/lumen-framework/src/Concerns/RoutesRequests.php(107): Laravel\\Lumen\\Application->dispatch(NULL)
#26 /application/public/index.php(28): Laravel\\Lumen\\Application->run()
#27 {main}
"} 
[2019-04-04 17:14:56] local.ERROR: Exception: Email ou senha incorretos. in /application/app/Services/Conta.php:182
Stack trace:
#0 /application/app/Http/Controllers/AutenticacaoController.php(30): App\Services\Conta->autenticar(Object(Illuminate\Http\Request))
#1 [internal function]: App\Http\Controllers\AutenticacaoController->post(Object(Illuminate\Http\Request))
#2 /application/vendor/illuminate/container/BoundMethod.php(29): call_user_func_array(Array, Array)
#3 /application/vendor/illuminate/container/BoundMethod.php(87): Illuminate\Container\BoundMethod::Illuminate\Container\{closure}()
#4 /application/vendor/illuminate/container/BoundMethod.php(31): Illuminate\Container\BoundMethod::callBoundMethod(Object(Laravel\Lumen\Application), Array, Object(Closure))
#5 /application/vendor/illuminate/container/Container.php(564): Illuminate\Container\BoundMethod::call(Object(Laravel\Lumen\Application), Array, Array, NULL)
#6 /application/vendor/laravel/lumen-framework/src/Concerns/RoutesRequests.php(373): Illuminate\Container\Container->call(Array, Array)
#7 /application/vendor/laravel/lumen-framework/src/Concerns/RoutesRequests.php(339): Laravel\Lumen\Application->callControllerCallable(Array, Array)
#8 /application/vendor/laravel/lumen-framework/src/Concerns/RoutesRequests.php(313): Laravel\Lumen\Application->callLumenController(Object(App\Http\Controllers\AutenticacaoController), 'post', Array)
#9 /application/vendor/laravel/lumen-framework/src/Concerns/RoutesRequests.php(275): Laravel\Lumen\Application->callControllerAction(Array)
#10 /application/vendor/laravel/lumen-framework/src/Concerns/RoutesRequests.php(260): Laravel\Lumen\Application->callActionOnArrayBasedRoute(Array)
#11 /application/vendor/laravel/lumen-framework/src/Concerns/RoutesRequests.php(160): Laravel\Lumen\Application->handleFoundRoute(Array)
#12 [internal function]: Laravel\Lumen\Application->Laravel\Lumen\Concerns\{closure}(Object(Illuminate\Http\Request))
#13 /application/vendor/laravel/lumen-framework/src/Routing/Pipeline.php(52): call_user_func(Object(Closure), Object(Illuminate\Http\Request))
#14 /application/app/Http/Middleware/CorsMiddleware.php(31): Laravel\Lumen\Routing\Pipeline->Laravel\Lumen\Routing\{closure}(Object(Illuminate\Http\Request))
#15 /application/vendor/illuminate/pipeline/Pipeline.php(151): App\Http\Middleware\CorsMiddleware->handle(Object(Illuminate\Http\Request), Object(Closure))
#16 [internal function]: Illuminate\Pipeline\Pipeline->Illuminate\Pipeline\{closure}(Object(Illuminate\Http\Request))
#17 /application/vendor/laravel/lumen-framework/src/Routing/Pipeline.php(32): call_user_func(Object(Closure), Object(Illuminate\Http\Request))
#18 /application/app/Http/Middleware/JsonResponseStyle.php(13): Laravel\Lumen\Routing\Pipeline->Laravel\Lumen\Routing\{closure}(Object(Illuminate\Http\Request))
#19 /application/vendor/illuminate/pipeline/Pipeline.php(151): App\Http\Middleware\JsonResponseStyle->handle(Object(Illuminate\Http\Request), Object(Closure))
#20 [internal function]: Illuminate\Pipeline\Pipeline->Illuminate\Pipeline\{closure}(Object(Illuminate\Http\Request))
#21 /application/vendor/laravel/lumen-framework/src/Routing/Pipeline.php(32): call_user_func(Object(Closure), Object(Illuminate\Http\Request))
#22 /application/vendor/illuminate/pipeline/Pipeline.php(104): Laravel\Lumen\Routing\Pipeline->Laravel\Lumen\Routing\{closure}(Object(Illuminate\Http\Request))
#23 /application/vendor/laravel/lumen-framework/src/Concerns/RoutesRequests.php(410): Illuminate\Pipeline\Pipeline->then(Object(Closure))
#24 /application/vendor/laravel/lumen-framework/src/Concerns/RoutesRequests.php(166): Laravel\Lumen\Application->sendThroughPipeline(Array, Object(Closure))
#25 /application/vendor/laravel/lumen-framework/src/Concerns/RoutesRequests.php(107): Laravel\Lumen\Application->dispatch(NULL)
#26 /application/public/index.php(28): Laravel\Lumen\Application->run()
#27 {main} {"exception":"[object] (Exception(code: 0): Email ou senha incorretos. at /application/app/Services/Conta.php:182)
[stacktrace]
#0 /application/app/Http/Controllers/AutenticacaoController.php(30): App\\Services\\Conta->autenticar(Object(Illuminate\\Http\\Request))
#1 [internal function]: App\\Http\\Controllers\\AutenticacaoController->post(Object(Illuminate\\Http\\Request))
#2 /application/vendor/illuminate/container/BoundMethod.php(29): call_user_func_array(Array, Array)
#3 /application/vendor/illuminate/container/BoundMethod.php(87): Illuminate\\Container\\BoundMethod::Illuminate\\Container\\{closure}()
#4 /application/vendor/illuminate/container/BoundMethod.php(31): Illuminate\\Container\\BoundMethod::callBoundMethod(Object(Laravel\\Lumen\\Application), Array, Object(Closure))
#5 /application/vendor/illuminate/container/Container.php(564): Illuminate\\Container\\BoundMethod::call(Object(Laravel\\Lumen\\Application), Array, Array, NULL)
#6 /application/vendor/laravel/lumen-framework/src/Concerns/RoutesRequests.php(373): Illuminate\\Container\\Container->call(Array, Array)
#7 /application/vendor/laravel/lumen-framework/src/Concerns/RoutesRequests.php(339): Laravel\\Lumen\\Application->callControllerCallable(Array, Array)
#8 /application/vendor/laravel/lumen-framework/src/Concerns/RoutesRequests.php(313): Laravel\\Lumen\\Application->callLumenController(Object(App\\Http\\Controllers\\AutenticacaoController), 'post', Array)
#9 /application/vendor/laravel/lumen-framework/src/Concerns/RoutesRequests.php(275): Laravel\\Lumen\\Application->callControllerAction(Array)
#10 /application/vendor/laravel/lumen-framework/src/Concerns/RoutesRequests.php(260): Laravel\\Lumen\\Application->callActionOnArrayBasedRoute(Array)
#11 /application/vendor/laravel/lumen-framework/src/Concerns/RoutesRequests.php(160): Laravel\\Lumen\\Application->handleFoundRoute(Array)
#12 [internal function]: Laravel\\Lumen\\Application->Laravel\\Lumen\\Concerns\\{closure}(Object(Illuminate\\Http\\Request))
#13 /application/vendor/laravel/lumen-framework/src/Routing/Pipeline.php(52): call_user_func(Object(Closure), Object(Illuminate\\Http\\Request))
#14 /application/app/Http/Middleware/CorsMiddleware.php(31): Laravel\\Lumen\\Routing\\Pipeline->Laravel\\Lumen\\Routing\\{closure}(Object(Illuminate\\Http\\Request))
#15 /application/vendor/illuminate/pipeline/Pipeline.php(151): App\\Http\\Middleware\\CorsMiddleware->handle(Object(Illuminate\\Http\\Request), Object(Closure))
#16 [internal function]: Illuminate\\Pipeline\\Pipeline->Illuminate\\Pipeline\\{closure}(Object(Illuminate\\Http\\Request))
#17 /application/vendor/laravel/lumen-framework/src/Routing/Pipeline.php(32): call_user_func(Object(Closure), Object(Illuminate\\Http\\Request))
#18 /application/app/Http/Middleware/JsonResponseStyle.php(13): Laravel\\Lumen\\Routing\\Pipeline->Laravel\\Lumen\\Routing\\{closure}(Object(Illuminate\\Http\\Request))
#19 /application/vendor/illuminate/pipeline/Pipeline.php(151): App\\Http\\Middleware\\JsonResponseStyle->handle(Object(Illuminate\\Http\\Request), Object(Closure))
#20 [internal function]: Illuminate\\Pipeline\\Pipeline->Illuminate\\Pipeline\\{closure}(Object(Illuminate\\Http\\Request))
#21 /application/vendor/laravel/lumen-framework/src/Routing/Pipeline.php(32): call_user_func(Object(Closure), Object(Illuminate\\Http\\Request))
#22 /application/vendor/illuminate/pipeline/Pipeline.php(104): Laravel\\Lumen\\Routing\\Pipeline->Laravel\\Lumen\\Routing\\{closure}(Object(Illuminate\\Http\\Request))
#23 /application/vendor/laravel/lumen-framework/src/Concerns/RoutesRequests.php(410): Illuminate\\Pipeline\\Pipeline->then(Object(Closure))
#24 /application/vendor/laravel/lumen-framework/src/Concerns/RoutesRequests.php(166): Laravel\\Lumen\\Application->sendThroughPipeline(Array, Object(Closure))
#25 /application/vendor/laravel/lumen-framework/src/Concerns/RoutesRequests.php(107): Laravel\\Lumen\\Application->dispatch(NULL)
#26 /application/public/index.php(28): Laravel\\Lumen\\Application->run()
#27 {main}
"} 
